  main.cpp
E:\cs\C++\WM9M4\ChatRoom\imgui-master\examples\example_win32_directx11\ChatRoom.h(1,1): warning C4828: 文件包含在偏移 0x31 处开始的字符，该字符在当前源字符集中无效(代码页 65001)。
  (编译源文件“main.cpp”)
  
E:\cs\C++\WM9M4\ChatRoom\imgui-master\examples\example_win32_directx11\ChatRoom.h(1,1): warning C4828: 文件包含在偏移 0x32 处开始的字符，该字符在当前源字符集中无效(代码页 65001)。
  (编译源文件“main.cpp”)
  
E:\cs\C++\WM9M4\ChatRoom\imgui-master\examples\example_win32_directx11\ChatRoom.h(1,1): warning C4828: 文件包含在偏移 0x34 处开始的字符，该字符在当前源字符集中无效(代码页 65001)。
  (编译源文件“main.cpp”)
  
E:\cs\C++\WM9M4\ChatRoom\imgui-master\examples\example_win32_directx11\ChatRoom.h(1,1): warning C4828: 文件包含在偏移 0x37 处开始的字符，该字符在当前源字符集中无效(代码页 65001)。
  (编译源文件“main.cpp”)
  
E:\cs\C++\WM9M4\ChatRoom\imgui-master\examples\example_win32_directx11\ChatRoom.h(1,1): warning C4828: 文件包含在偏移 0x39 处开始的字符，该字符在当前源字符集中无效(代码页 65001)。
  (编译源文件“main.cpp”)
  
E:\cs\C++\WM9M4\ChatRoom\imgui-master\examples\example_win32_directx11\ChatRoom.h(1,1): warning C4828: 文件包含在偏移 0x3a 处开始的字符，该字符在当前源字符集中无效(代码页 65001)。
  (编译源文件“main.cpp”)
  
E:\cs\C++\WM9M4\ChatRoom\imgui-master\examples\example_win32_directx11\ChatRoom.h(1,1): warning C4828: 文件包含在偏移 0x3b 处开始的字符，该字符在当前源字符集中无效(代码页 65001)。
  (编译源文件“main.cpp”)
  
E:\cs\C++\WM9M4\ChatRoom\imgui-master\examples\example_win32_directx11\ChatRoom.h(1,1): warning C4828: 文件包含在偏移 0xf9 处开始的字符，该字符在当前源字符集中无效(代码页 65001)。
  (编译源文件“main.cpp”)
  
E:\cs\C++\WM9M4\ChatRoom\imgui-master\examples\example_win32_directx11\ChatRoom.h(1,1): warning C4828: 文件包含在偏移 0xfa 处开始的字符，该字符在当前源字符集中无效(代码页 65001)。
  (编译源文件“main.cpp”)
  
E:\cs\C++\WM9M4\ChatRoom\imgui-master\examples\example_win32_directx11\ChatRoom.h(1,1): warning C4828: 文件包含在偏移 0xfb 处开始的字符，该字符在当前源字符集中无效(代码页 65001)。
  (编译源文件“main.cpp”)
  
E:\cs\C++\WM9M4\ChatRoom\imgui-master\examples\example_win32_directx11\ChatRoom.h(1,1): warning C4828: 文件包含在偏移 0xfc 处开始的字符，该字符在当前源字符集中无效(代码页 65001)。
  (编译源文件“main.cpp”)
  
E:\cs\C++\WM9M4\ChatRoom\imgui-master\examples\example_win32_directx11\ChatRoom.h(1,1): warning C4828: 文件包含在偏移 0x39e 处开始的字符，该字符在当前源字符集中无效(代码页 65001)。
  (编译源文件“main.cpp”)
  
E:\cs\C++\WM9M4\ChatRoom\imgui-master\examples\example_win32_directx11\ChatRoom.h(1,1): warning C4828: 文件包含在偏移 0x39f 处开始的字符，该字符在当前源字符集中无效(代码页 65001)。
  (编译源文件“main.cpp”)
  
E:\cs\C++\WM9M4\ChatRoom\imgui-master\examples\example_win32_directx11\ChatRoom.h(1,1): warning C4828: 文件包含在偏移 0x3af 处开始的字符，该字符在当前源字符集中无效(代码页 65001)。
  (编译源文件“main.cpp”)
  
E:\cs\C++\WM9M4\ChatRoom\imgui-master\examples\example_win32_directx11\ChatRoom.h(1,1): warning C4828: 文件包含在偏移 0x3b0 处开始的字符，该字符在当前源字符集中无效(代码页 65001)。
  (编译源文件“main.cpp”)
  
E:\cs\C++\WM9M4\ChatRoom\imgui-master\examples\example_win32_directx11\ChatRoom.h(1,1): warning C4828: 文件包含在偏移 0x3b4 处开始的字符，该字符在当前源字符集中无效(代码页 65001)。
  (编译源文件“main.cpp”)
  
E:\cs\C++\WM9M4\ChatRoom\imgui-master\examples\example_win32_directx11\ChatRoom.h(1,1): warning C4828: 文件包含在偏移 0x3b7 处开始的字符，该字符在当前源字符集中无效(代码页 65001)。
  (编译源文件“main.cpp”)
  
E:\cs\C++\WM9M4\ChatRoom\imgui-master\examples\example_win32_directx11\ChatRoom.h(1,1): warning C4828: 文件包含在偏移 0x3ba 处开始的字符，该字符在当前源字符集中无效(代码页 65001)。
  (编译源文件“main.cpp”)
  
E:\cs\C++\WM9M4\ChatRoom\imgui-master\examples\example_win32_directx11\ChatRoom.h(1,1): warning C4828: 文件包含在偏移 0x482 处开始的字符，该字符在当前源字符集中无效(代码页 65001)。
  (编译源文件“main.cpp”)
  
E:\cs\C++\WM9M4\ChatRoom\imgui-master\examples\example_win32_directx11\ChatRoom.h(1,1): warning C4828: 文件包含在偏移 0x483 处开始的字符，该字符在当前源字符集中无效(代码页 65001)。
  (编译源文件“main.cpp”)
  
E:\cs\C++\WM9M4\ChatRoom\imgui-master\examples\example_win32_directx11\ChatRoom.h(1,1): warning C4828: 文件包含在偏移 0x488 处开始的字符，该字符在当前源字符集中无效(代码页 65001)。
  (编译源文件“main.cpp”)
  
E:\cs\C++\WM9M4\ChatRoom\imgui-master\examples\example_win32_directx11\ChatRoom.h(1,1): warning C4828: 文件包含在偏移 0x489 处开始的字符，该字符在当前源字符集中无效(代码页 65001)。
  (编译源文件“main.cpp”)
  
E:\cs\C++\WM9M4\ChatRoom\imgui-master\examples\example_win32_directx11\ChatRoom.h(1,1): warning C4828: 文件包含在偏移 0x48a 处开始的字符，该字符在当前源字符集中无效(代码页 65001)。
  (编译源文件“main.cpp”)
  
E:\cs\C++\WM9M4\ChatRoom\imgui-master\examples\example_win32_directx11\ChatRoom.h(1,1): warning C4828: 文件包含在偏移 0x48b 处开始的字符，该字符在当前源字符集中无效(代码页 65001)。
  (编译源文件“main.cpp”)
  
E:\cs\C++\WM9M4\ChatRoom\imgui-master\examples\example_win32_directx11\ChatRoom.h(1,1): warning C4828: 文件包含在偏移 0x48c 处开始的字符，该字符在当前源字符集中无效(代码页 65001)。
  (编译源文件“main.cpp”)
  
E:\cs\C++\WM9M4\ChatRoom\imgui-master\examples\example_win32_directx11\ChatRoom.h(1,1): warning C4828: 文件包含在偏移 0x48e 处开始的字符，该字符在当前源字符集中无效(代码页 65001)。
  (编译源文件“main.cpp”)
  
E:\cs\C++\WM9M4\ChatRoom\imgui-master\examples\example_win32_directx11\ChatRoom.h(1,1): warning C4828: 文件包含在偏移 0x48f 处开始的字符，该字符在当前源字符集中无效(代码页 65001)。
  (编译源文件“main.cpp”)
  
E:\cs\C++\WM9M4\ChatRoom\imgui-master\examples\example_win32_directx11\ChatRoom.h(1,1): warning C4828: 文件包含在偏移 0x491 处开始的字符，该字符在当前源字符集中无效(代码页 65001)。
  (编译源文件“main.cpp”)
  
E:\cs\C++\WM9M4\ChatRoom\imgui-master\examples\example_win32_directx11\ChatRoom.h(1,1): warning C4828: 文件包含在偏移 0x493 处开始的字符，该字符在当前源字符集中无效(代码页 65001)。
  (编译源文件“main.cpp”)
  
E:\cs\C++\WM9M4\ChatRoom\imgui-master\examples\example_win32_directx11\ChatRoom.h(1,1): warning C4828: 文件包含在偏移 0x494 处开始的字符，该字符在当前源字符集中无效(代码页 65001)。
  (编译源文件“main.cpp”)
  
E:\cs\C++\WM9M4\ChatRoom\imgui-master\examples\example_win32_directx11\ChatRoom.h(1,1): warning C4828: 文件包含在偏移 0x497 处开始的字符，该字符在当前源字符集中无效(代码页 65001)。
  (编译源文件“main.cpp”)
  
E:\cs\C++\WM9M4\ChatRoom\imgui-master\examples\example_win32_directx11\ChatRoom.h(1,1): warning C4828: 文件包含在偏移 0x637 处开始的字符，该字符在当前源字符集中无效(代码页 65001)。
  (编译源文件“main.cpp”)
  
E:\cs\C++\WM9M4\ChatRoom\imgui-master\examples\example_win32_directx11\ChatRoom.h(1,1): warning C4828: 文件包含在偏移 0x638 处开始的字符，该字符在当前源字符集中无效(代码页 65001)。
  (编译源文件“main.cpp”)
  
E:\cs\C++\WM9M4\ChatRoom\imgui-master\examples\example_win32_directx11\ChatRoom.h(1,1): warning C4828: 文件包含在偏移 0x63d 处开始的字符，该字符在当前源字符集中无效(代码页 65001)。
  (编译源文件“main.cpp”)
  
E:\cs\C++\WM9M4\ChatRoom\imgui-master\examples\example_win32_directx11\ChatRoom.h(1,1): warning C4828: 文件包含在偏移 0x63f 处开始的字符，该字符在当前源字符集中无效(代码页 65001)。
  (编译源文件“main.cpp”)
  
E:\cs\C++\WM9M4\ChatRoom\imgui-master\examples\example_win32_directx11\ChatRoom.h(1,1): warning C4828: 文件包含在偏移 0x640 处开始的字符，该字符在当前源字符集中无效(代码页 65001)。
  (编译源文件“main.cpp”)
  
E:\cs\C++\WM9M4\ChatRoom\imgui-master\examples\example_win32_directx11\ChatRoom.h(1,1): warning C4828: 文件包含在偏移 0x641 处开始的字符，该字符在当前源字符集中无效(代码页 65001)。
  (编译源文件“main.cpp”)
  
E:\cs\C++\WM9M4\ChatRoom\imgui-master\examples\example_win32_directx11\ChatRoom.h(1,1): warning C4828: 文件包含在偏移 0x642 处开始的字符，该字符在当前源字符集中无效(代码页 65001)。
  (编译源文件“main.cpp”)
  
E:\cs\C++\WM9M4\ChatRoom\imgui-master\examples\example_win32_directx11\ChatRoom.h(1,1): warning C4828: 文件包含在偏移 0x643 处开始的字符，该字符在当前源字符集中无效(代码页 65001)。
  (编译源文件“main.cpp”)
  
E:\cs\C++\WM9M4\ChatRoom\imgui-master\examples\example_win32_directx11\ChatRoom.h(1,1): warning C4828: 文件包含在偏移 0x646 处开始的字符，该字符在当前源字符集中无效(代码页 65001)。
  (编译源文件“main.cpp”)
  
E:\cs\C++\WM9M4\ChatRoom\imgui-master\examples\example_win32_directx11\ChatRoom.h(1,1): warning C4828: 文件包含在偏移 0x647 处开始的字符，该字符在当前源字符集中无效(代码页 65001)。
  (编译源文件“main.cpp”)
  
E:\cs\C++\WM9M4\ChatRoom\imgui-master\examples\example_win32_directx11\ChatRoom.h(1,1): warning C4828: 文件包含在偏移 0x648 处开始的字符，该字符在当前源字符集中无效(代码页 65001)。
  (编译源文件“main.cpp”)
  
E:\cs\C++\WM9M4\ChatRoom\imgui-master\examples\example_win32_directx11\ChatRoom.h(1,1): warning C4828: 文件包含在偏移 0x649 处开始的字符，该字符在当前源字符集中无效(代码页 65001)。
  (编译源文件“main.cpp”)
  
E:\cs\C++\WM9M4\ChatRoom\imgui-master\examples\example_win32_directx11\ChatRoom.h(1,1): warning C4828: 文件包含在偏移 0x64b 处开始的字符，该字符在当前源字符集中无效(代码页 65001)。
  (编译源文件“main.cpp”)
  
E:\cs\C++\WM9M4\ChatRoom\imgui-master\examples\example_win32_directx11\ChatRoom.h(1,1): warning C4828: 文件包含在偏移 0x64d 处开始的字符，该字符在当前源字符集中无效(代码页 65001)。
  (编译源文件“main.cpp”)
  
E:\cs\C++\WM9M4\ChatRoom\imgui-master\examples\example_win32_directx11\ChatRoom.h(1,1): warning C4828: 文件包含在偏移 0x64e 处开始的字符，该字符在当前源字符集中无效(代码页 65001)。
  (编译源文件“main.cpp”)
  
E:\cs\C++\WM9M4\ChatRoom\imgui-master\examples\example_win32_directx11\ChatRoom.h(1,1): warning C4828: 文件包含在偏移 0x6ee 处开始的字符，该字符在当前源字符集中无效(代码页 65001)。
  (编译源文件“main.cpp”)
  
E:\cs\C++\WM9M4\ChatRoom\imgui-master\examples\example_win32_directx11\ChatRoom.h(1,1): warning C4828: 文件包含在偏移 0x6f0 处开始的字符，该字符在当前源字符集中无效(代码页 65001)。
  (编译源文件“main.cpp”)
  
E:\cs\C++\WM9M4\ChatRoom\imgui-master\examples\example_win32_directx11\ChatRoom.h(1,1): warning C4828: 文件包含在偏移 0x6f1 处开始的字符，该字符在当前源字符集中无效(代码页 65001)。
  (编译源文件“main.cpp”)
  
E:\cs\C++\WM9M4\ChatRoom\imgui-master\examples\example_win32_directx11\ChatRoom.h(1,1): warning C4828: 文件包含在偏移 0x6f2 处开始的字符，该字符在当前源字符集中无效(代码页 65001)。
  (编译源文件“main.cpp”)
  
E:\cs\C++\WM9M4\ChatRoom\imgui-master\examples\example_win32_directx11\ChatRoom.h(1,1): warning C4828: 文件包含在偏移 0x6f4 处开始的字符，该字符在当前源字符集中无效(代码页 65001)。
  (编译源文件“main.cpp”)
  
E:\cs\C++\WM9M4\ChatRoom\imgui-master\examples\example_win32_directx11\ChatRoom.h(1,1): warning C4828: 文件包含在偏移 0x6f6 处开始的字符，该字符在当前源字符集中无效(代码页 65001)。
  (编译源文件“main.cpp”)
  
E:\cs\C++\WM9M4\ChatRoom\imgui-master\examples\example_win32_directx11\ChatRoom.h(1,1): warning C4828: 文件包含在偏移 0x6f7 处开始的字符，该字符在当前源字符集中无效(代码页 65001)。
  (编译源文件“main.cpp”)
  
E:\cs\C++\WM9M4\ChatRoom\imgui-master\examples\example_win32_directx11\ChatRoom.h(1,1): warning C4828: 文件包含在偏移 0x6f8 处开始的字符，该字符在当前源字符集中无效(代码页 65001)。
  (编译源文件“main.cpp”)
  
E:\cs\C++\WM9M4\ChatRoom\imgui-master\examples\example_win32_directx11\ChatRoom.h(1,1): warning C4828: 文件包含在偏移 0x6fa 处开始的字符，该字符在当前源字符集中无效(代码页 65001)。
  (编译源文件“main.cpp”)
  
E:\cs\C++\WM9M4\ChatRoom\imgui-master\examples\example_win32_directx11\ChatRoom.h(1,1): warning C4828: 文件包含在偏移 0x6fc 处开始的字符，该字符在当前源字符集中无效(代码页 65001)。
  (编译源文件“main.cpp”)
  
E:\cs\C++\WM9M4\ChatRoom\imgui-master\examples\example_win32_directx11\ChatRoom.h(1,1): warning C4828: 文件包含在偏移 0x6fd 处开始的字符，该字符在当前源字符集中无效(代码页 65001)。
  (编译源文件“main.cpp”)
  
E:\cs\C++\WM9M4\ChatRoom\imgui-master\examples\example_win32_directx11\ChatRoom.h(1,1): warning C4828: 文件包含在偏移 0x6fe 处开始的字符，该字符在当前源字符集中无效(代码页 65001)。
  (编译源文件“main.cpp”)
  
E:\cs\C++\WM9M4\ChatRoom\imgui-master\examples\example_win32_directx11\ChatRoom.h(1,1): warning C4828: 文件包含在偏移 0x83f 处开始的字符，该字符在当前源字符集中无效(代码页 65001)。
  (编译源文件“main.cpp”)
  
E:\cs\C++\WM9M4\ChatRoom\imgui-master\examples\example_win32_directx11\ChatRoom.h(1,1): warning C4828: 文件包含在偏移 0x840 处开始的字符，该字符在当前源字符集中无效(代码页 65001)。
  (编译源文件“main.cpp”)
  
E:\cs\C++\WM9M4\ChatRoom\imgui-master\examples\example_win32_directx11\ChatRoom.h(1,1): warning C4828: 文件包含在偏移 0x845 处开始的字符，该字符在当前源字符集中无效(代码页 65001)。
  (编译源文件“main.cpp”)
  
E:\cs\C++\WM9M4\ChatRoom\imgui-master\examples\example_win32_directx11\ChatRoom.h(1,1): warning C4828: 文件包含在偏移 0x849 处开始的字符，该字符在当前源字符集中无效(代码页 65001)。
  (编译源文件“main.cpp”)
  
E:\cs\C++\WM9M4\ChatRoom\imgui-master\examples\example_win32_directx11\ChatRoom.h(1,1): warning C4828: 文件包含在偏移 0x84a 处开始的字符，该字符在当前源字符集中无效(代码页 65001)。
  (编译源文件“main.cpp”)
  
E:\cs\C++\WM9M4\ChatRoom\imgui-master\examples\example_win32_directx11\ChatRoom.h(1,1): warning C4828: 文件包含在偏移 0x84b 处开始的字符，该字符在当前源字符集中无效(代码页 65001)。
  (编译源文件“main.cpp”)
  
E:\cs\C++\WM9M4\ChatRoom\imgui-master\examples\example_win32_directx11\ChatRoom.h(1,1): warning C4828: 文件包含在偏移 0x84f 处开始的字符，该字符在当前源字符集中无效(代码页 65001)。
  (编译源文件“main.cpp”)
  
E:\cs\C++\WM9M4\ChatRoom\imgui-master\examples\example_win32_directx11\ChatRoom.h(1,1): warning C4828: 文件包含在偏移 0x852 处开始的字符，该字符在当前源字符集中无效(代码页 65001)。
  (编译源文件“main.cpp”)
  
E:\cs\C++\WM9M4\ChatRoom\imgui-master\examples\example_win32_directx11\ChatRoom.h(1,1): warning C4828: 文件包含在偏移 0xa11 处开始的字符，该字符在当前源字符集中无效(代码页 65001)。
  (编译源文件“main.cpp”)
  
E:\cs\C++\WM9M4\ChatRoom\imgui-master\examples\example_win32_directx11\ChatRoom.h(1,1): warning C4828: 文件包含在偏移 0xa12 处开始的字符，该字符在当前源字符集中无效(代码页 65001)。
  (编译源文件“main.cpp”)
  
E:\cs\C++\WM9M4\ChatRoom\imgui-master\examples\example_win32_directx11\ChatRoom.h(1,1): warning C4828: 文件包含在偏移 0xa13 处开始的字符，该字符在当前源字符集中无效(代码页 65001)。
  (编译源文件“main.cpp”)
  
E:\cs\C++\WM9M4\ChatRoom\imgui-master\examples\example_win32_directx11\ChatRoom.h(1,1): warning C4828: 文件包含在偏移 0xa17 处开始的字符，该字符在当前源字符集中无效(代码页 65001)。
  (编译源文件“main.cpp”)
  
E:\cs\C++\WM9M4\ChatRoom\imgui-master\examples\example_win32_directx11\ChatRoom.h(1,1): warning C4828: 文件包含在偏移 0xa18 处开始的字符，该字符在当前源字符集中无效(代码页 65001)。
  (编译源文件“main.cpp”)
  
E:\cs\C++\WM9M4\ChatRoom\imgui-master\examples\example_win32_directx11\ChatRoom.h(1,1): warning C4828: 文件包含在偏移 0xa19 处开始的字符，该字符在当前源字符集中无效(代码页 65001)。
  (编译源文件“main.cpp”)
  
E:\cs\C++\WM9M4\ChatRoom\imgui-master\examples\example_win32_directx11\ChatRoom.h(1,1): warning C4828: 文件包含在偏移 0xa1d 处开始的字符，该字符在当前源字符集中无效(代码页 65001)。
  (编译源文件“main.cpp”)
  
E:\cs\C++\WM9M4\ChatRoom\imgui-master\examples\example_win32_directx11\ChatRoom.h(1,1): warning C4828: 文件包含在偏移 0xa1e 处开始的字符，该字符在当前源字符集中无效(代码页 65001)。
  (编译源文件“main.cpp”)
  
E:\cs\C++\WM9M4\ChatRoom\imgui-master\examples\example_win32_directx11\ChatRoom.h(1,1): warning C4828: 文件包含在偏移 0xa21 处开始的字符，该字符在当前源字符集中无效(代码页 65001)。
  (编译源文件“main.cpp”)
  
E:\cs\C++\WM9M4\ChatRoom\imgui-master\examples\example_win32_directx11\ChatRoom.h(1,1): warning C4828: 文件包含在偏移 0xa22 处开始的字符，该字符在当前源字符集中无效(代码页 65001)。
  (编译源文件“main.cpp”)
  
E:\cs\C++\WM9M4\ChatRoom\imgui-master\examples\example_win32_directx11\ChatRoom.h(1,1): warning C4828: 文件包含在偏移 0xa24 处开始的字符，该字符在当前源字符集中无效(代码页 65001)。
  (编译源文件“main.cpp”)
  
E:\cs\C++\WM9M4\ChatRoom\imgui-master\examples\example_win32_directx11\ChatRoom.h(1,1): warning C4828: 文件包含在偏移 0xa25 处开始的字符，该字符在当前源字符集中无效(代码页 65001)。
  (编译源文件“main.cpp”)
  
E:\cs\C++\WM9M4\ChatRoom\imgui-master\examples\example_win32_directx11\main.cpp(278,29): warning C4459: “clientSocket”的声明隐藏了全局声明
      E:\cs\C++\WM9M4\ChatRoom\imgui-master\examples\example_win32_directx11\main.cpp(44,8):
      参见“clientSocket”的声明
  
E:\cs\C++\WM9M4\ChatRoom\imgui-master\examples\example_win32_directx11\main.cpp(280,17): warning C4459: “currentChannel”的声明隐藏了全局声明
      E:\cs\C++\WM9M4\ChatRoom\imgui-master\examples\example_win32_directx11\main.cpp(53,13):
      参见“currentChannel”的声明
  
E:\cs\C++\WM9M4\ChatRoom\imgui-master\examples\example_win32_directx11\main.cpp(424,25): warning C4459: “clientSocket”的声明隐藏了全局声明
      E:\cs\C++\WM9M4\ChatRoom\imgui-master\examples\example_win32_directx11\main.cpp(44,8):
      参见“clientSocket”的声明
  
E:\cs\C++\WM9M4\ChatRoom\imgui-master\examples\example_win32_directx11\main.cpp(468,74): warning C4267: “参数”: 从“size_t”转换到“int”，可能丢失数据
E:\cs\C++\WM9M4\ChatRoom\imgui-master\examples\example_win32_directx11\main.cpp(561,10): warning C4189: “show_demo_window”: 局部变量已初始化但不引用
E:\cs\C++\WM9M4\ChatRoom\imgui-master\examples\example_win32_directx11\main.cpp(562,10): warning C4189: “show_another_window”: 局部变量已初始化但不引用
E:\cs\C++\WM9M4\ChatRoom\imgui-master\examples\example_win32_directx11\main.cpp(657,15): warning C4189: “middleColumnWidth”: 局部变量已初始化但不引用
  example_win32_directx11.vcxproj -> E:\cs\C++\WM9M4\ChatRoom\imgui-master\examples\example_win32_directx11\Debug\example_win32_directx11.exe
